Assembler report for mapped_controller
Wed Feb  9 17:59:01 2022
Quartus Prime Version 21.1.0 Build 842 10/21/2021 SJ Lite Edition


---------------------
; Table of Contents ;
---------------------
  1. Legal Notice
  2. Assembler Summary
  3. Assembler Settings
  4. Assembler Generated Files
  5. Assembler Device Options: mapped_controller.sof
  6. Assembler Device Options: mapped_controller.pof
  7. Assembler Messages



----------------
; Legal Notice ;
----------------
Copyright (C) 2021  Intel Corporation. All rights reserved.
Your use of Intel Corporation's design tools, logic functions 
and other software and tools, and any partner logic 
functions, and any output files from any of the foregoing 
(including device programming or simulation files), and any 
associated documentation or information are expressly subject 
to the terms and conditions of the Intel Program License 
Subscription Agreement, the Intel Quartus Prime License Agreement,
the Intel FPGA IP License Agreement, or other applicable license
agreement, including, without limitation, that your use is for
the sole purpose of programming logic devices manufactured by
Intel and sold by Intel or its authorized distributors.  Please
refer to the applicable agreement for further details, at
https://fpgasoftware.intel.com/eula.



+---------------------------------------------------------------+
; Assembler Summary                                             ;
+-----------------------+---------------------------------------+
; Assembler Status      ; Successful - Wed Feb  9 17:59:01 2022 ;
; Revision Name         ; mapped_controller                     ;
; Top-level Entity Name ; mapped_controller                     ;
; Family                ; Cyclone IV E                          ;
; Device                ; EP4CE115F29C8                         ;
+-----------------------+---------------------------------------+


+---------------------------------------------------------------------------------------------------------------+
; Assembler Settings                                                                                            ;
+-----------------------------------------------------------------------------+----------------+----------------+
; Option                                                                      ; Setting        ; Default Value  ;
+-----------------------------------------------------------------------------+----------------+----------------+
; Use smart compilation                                                       ; On             ; Off            ;
; Maximum processors allowed for parallel compilation                         ; 4              ;                ;
; Enable parallel Assembler and Timing Analyzer during compilation            ; On             ; On             ;
; Enable compact report table                                                 ; Off            ; Off            ;
; Use configuration device                                                    ; On             ; Off            ;
; Configuration device                                                        ; Epcs64         ; Auto           ;
; Generate compressed bitstreams                                              ; On             ; On             ;
; Compression mode                                                            ; Off            ; Off            ;
; Clock source for configuration device                                       ; Internal       ; Internal       ;
; Clock frequency of the configuration device                                 ; 10 MHZ         ; 10 MHz         ;
; Divide clock frequency by                                                   ; 1              ; 1              ;
; Auto user code                                                              ; On             ; On             ;
; Voltage output format                                                       ; Auto discovery ; Auto discovery ;
; Configuration device auto user code                                         ; Off            ; Off            ;
; Generate Tabular Text File (.ttf) For Target Device                         ; Off            ; Off            ;
; Generate Raw Binary File (.rbf) For Target Device                           ; Off            ; Off            ;
; Generate Hexadecimal (Intel-Format) Output File (.hexout) for Target Device ; Off            ; Off            ;
; Hexadecimal Output File start address                                       ; 0              ; 0              ;
; Hexadecimal Output File count direction                                     ; Up             ; Up             ;
; Release clears before tri-states                                            ; Off            ; Off            ;
; Auto-restart configuration after error                                      ; On             ; On             ;
; Enable OCT_DONE                                                             ; Off            ; Off            ;
; Generate Serial Vector Format File (.svf) for Target Device                 ; Off            ; Off            ;
; Generate a JEDEC STAPL Format File (.jam) for Target Device                 ; Off            ; Off            ;
; Generate a compressed Jam STAPL Byte Code 2.0 File (.jbc) for Target Device ; Off            ; Off            ;
; Generate a compressed Jam STAPL Byte Code 2.0 File (.jbc) for Target Device ; On             ; On             ;
+-----------------------------------------------------------------------------+----------------+----------------+


+--------------------------------------------------------------+
; Assembler Generated Files                                    ;
+--------------------------------------------------------------+
; File Name                                                    ;
+--------------------------------------------------------------+
; /home/jared/496/custom-game-controller/mapped_controller.sof ;
; /home/jared/496/custom-game-controller/mapped_controller.pof ;
+--------------------------------------------------------------+


+-------------------------------------------------+
; Assembler Device Options: mapped_controller.sof ;
+----------------+--------------------------------+
; Option         ; Setting                        ;
+----------------+--------------------------------+
; JTAG usercode  ; 0x00570300                     ;
; Checksum       ; 0x00570300                     ;
+----------------+--------------------------------+


+-------------------------------------------------+
; Assembler Device Options: mapped_controller.pof ;
+--------------------+----------------------------+
; Option             ; Setting                    ;
+--------------------+----------------------------+
; JTAG usercode      ; 0x00000000                 ;
; Checksum           ; 0x712CAD15                 ;
; Compression Ratio  ; 3                          ;
+--------------------+----------------------------+


+--------------------+
; Assembler Messages ;
+--------------------+
Info: *******************************************************************
Info: Running Quartus Prime Assembler
    Info: Version 21.1.0 Build 842 10/21/2021 SJ Lite Edition
    Info: Copyright (C) 2021  Intel Corporation. All rights reserved.
    Info: Your use of Intel Corporation's design tools, logic functions 
    Info: and other software and tools, and any partner logic 
    Info: functions, and any output files from any of the foregoing 
    Info: (including device programming or simulation files), and any 
    Info: associated documentation or information are expressly subject 
    Info: to the terms and conditions of the Intel Program License 
    Info: Subscription Agreement, the Intel Quartus Prime License Agreement,
    Info: the Intel FPGA IP License Agreement, or other applicable license
    Info: agreement, including, without limitation, that your use is for
    Info: the sole purpose of programming logic devices manufactured by
    Info: Intel and sold by Intel or its authorized distributors.  Please
    Info: refer to the applicable agreement for further details, at
    Info: https://fpgasoftware.intel.com/eula.
    Info: Processing started: Wed Feb  9 17:58:57 2022
Info: Command: quartus_asm mapped_controller -c mapped_controller
Info (115031): Writing out detailed assembly data for power analysis
Info (115030): Assembler is generating device programming files
Info: Quartus Prime Assembler was successful. 0 errors, 0 warnings
    Info: Peak virtual memory: 378 megabytes
    Info: Processing ended: Wed Feb  9 17:59:01 2022
    Info: Elapsed time: 00:00:04
    Info: Total CPU time (on all processors): 00:00:05


